<?xml version="1.0" encoding="UTF-8"?>
<testsuite xmlns:xsi="http://www.w3.org/2001/XMLSchema-instance" xsi:noNamespaceSchemaLocation="https://maven.apache.org/surefire/maven-surefire-plugin/xsd/surefire-test-report-3.0.xsd" version="3.0" name="sur.softsurena.TelegramBoot.TelegramBootApplicationTests" time="5.37" tests="1" errors="0" skipped="0" failures="0">
  <properties>
[...]
</properties>
  <testcase name="contextLoads" classname="sur.softsurena.TelegramBoot.TelegramBootApplicationTests" time="1.235">
    <system-out><![CDATA[00:30:33.578 [main] INFO org.springframework.test.context.support.AnnotationConfigContextLoaderUtils -- Could not detect default configuration classes for test class [sur.softsurena.TelegramBoot.TelegramBootApplicationTests]: TelegramBootApplicationTests does not declare any static, non-private, non-final, nested classes annotated with @Configuration.
00:30:33.808 [main] INFO org.springframework.boot.test.context.SpringBootTestContextBootstrapper -- Found @SpringBootConfiguration sur.softsurena.TelegramBoot.TelegramBootApplication for test class sur.softsurena.TelegramBoot.TelegramBootApplicationTests
  .   ____          _            __ _ _
 /\\ / ___'_ __ _ _(_)_ __  __ _ \ \ \ \
( ( )\___ | '_ | '_| | '_ \/ _` | \ \ \ \
 \\/  ___)| |_)| | | | | || (_| |  ) ) ) )
  '  |____| .__|_| |_|_| |_\__, | / / / /
 =========|_|==============|___/=/_/_/_/

 :: Spring Boot ::                (v3.3.0)

2025-01-27T00:30:34.636-04:00  INFO 3252 --- [           main] s.s.T.TelegramBootApplicationTests       : Starting TelegramBootApplicationTests using Java 21.0.5 with PID 3252 (started by jhironsel in D:\Proyectos\NetBeansProjects\Proyectos\TelegramBoot)
2025-01-27T00:30:34.636-04:00  INFO 3252 --- [           main] s.s.T.TelegramBootApplicationTests       : No active profile set, falling back to 1 default profile: "default"
2025-01-27T00:30:37.301-04:00  INFO 3252 --- [           main] s.s.T.TelegramBootApplicationTests       : Started TelegramBootApplicationTests in 3.171 seconds (process running for 5.237)
]]></system-out>
    <system-err><![CDATA[WARNING: A Java agent has been loaded dynamically (C:\Users\jhironsel\.m2\repository\net\bytebuddy\byte-buddy-agent\1.14.16\byte-buddy-agent-1.14.16.jar)
WARNING: If a serviceability tool is in use, please run with -XX:+EnableDynamicAgentLoading to hide this warning
WARNING: If a serviceability tool is not in use, please run with -Djdk.instrument.traceUsage for more information
WARNING: Dynamic loading of agents will be disallowed by default in a future release
]]></system-err>
  </testcase>
</testsuite>